[30604:4468:0628/024829.290:INFO:components\enterprise\browser\controller\chrome_browser_cloud_management_controller.cc:202] No machine level policy manager exists.
[30604:4468:0628/024829.880:INFO:CONSOLE:1] "undetected chromedriver 1337!", source:  (1)
[30604:4468:0628/024829.910:INFO:CONSOLE:1] "undetected chromedriver 1337!", source:  (1)
[30604:4468:0628/024830.231:INFO:CONSOLE:1] "undetected chromedriver 1337!", source:  (1)
[24568:32576:0628/024832.872:WARNING:net\disk_cache\blockfile\backend_impl.cc:1759] Destroying invalid entry.
[24568:32576:0628/024832.872:WARNING:net\disk_cache\blockfile\backend_impl.cc:1759] Destroying invalid entry.
[24568:32576:0628/024832.872:WARNING:net\disk_cache\blockfile\backend_impl.cc:1759] Destroying invalid entry.
[24568:32576:0628/024832.880:WARNING:net\disk_cache\blockfile\backend_impl.cc:1759] Destroying invalid entry.
[24568:32576:0628/024832.880:WARNING:net\disk_cache\blockfile\backend_impl.cc:1759] Destroying invalid entry.
[30604:4468:0628/024833.920:INFO:CONSOLE:1] "Refused to load the script 'https://js.monitor.azure.com/scripts/c/ms.shared.analytics.mectrl-3.gbl.min.js' because it violates the following Content Security Policy directive: "script-src 'nonce-o0qKxHkiv3DxdnaOeWmqqg==' *.res.office365.com *.fluidpreview.office.net *.cdn.office.net *.df.onecdn.static.microsoft *.public.onecdn.static.microsoft wss://*.delve.office.com:443 shellprod.msocdn.com amcdn.msauth.net amcdn.msftauth.net *.bing.com *.skype.com *.skypeassets.com *.delve.office.com *.cdn.office.net *.df.onecdn.static.microsoft *.public.onecdn.static.microsoft static.teams.microsoft.com teams.microsoft.com cdn.forms.office.net blob: 'report-sample' 'self' 'wasm-unsafe-eval' *.yammer.com". Note that 'script-src-elem' was not explicitly set, so 'script-src' is used as a fallback.
", source: https://amcdn.msftauth.net/me?partner=Exchange&version=latest&market=fr-FR&wrapperId=suiteshell (1)
[30604:4468:0628/024833.943:INFO:CONSOLE:1] "Refused to load the script 'https://js.monitor.azure.com/scripts/c/ms.shared.analytics.mectrl-3.gbl.min.js' because it violates the following Content Security Policy directive: "script-src 'nonce-o0qKxHkiv3DxdnaOeWmqqg==' *.res.office365.com *.fluidpreview.office.net *.cdn.office.net *.df.onecdn.static.microsoft *.public.onecdn.static.microsoft wss://*.delve.office.com:443 shellprod.msocdn.com amcdn.msauth.net amcdn.msftauth.net *.bing.com *.skype.com *.skypeassets.com *.delve.office.com *.cdn.office.net *.df.onecdn.static.microsoft *.public.onecdn.static.microsoft static.teams.microsoft.com teams.microsoft.com cdn.forms.office.net blob: 'report-sample' 'self' 'wasm-unsafe-eval' *.yammer.com". Note that 'script-src-elem' was not explicitly set, so 'script-src' is used as a fallback.
", source: https://amcdn.msftauth.net/me?partner=Exchange&version=latest&market=fr-FR&wrapperId=suiteshell (1)
[24568:32576:0628/024834.326:WARNING:net\disk_cache\blockfile\backend_impl.cc:1759] Destroying invalid entry.
[24568:32576:0628/024834.326:WARNING:net\disk_cache\blockfile\backend_impl.cc:1759] Destroying invalid entry.
[24568:32576:0628/024834.773:WARNING:net\disk_cache\blockfile\backend_impl.cc:1759] Destroying invalid entry.
[30604:4468:0628/024837.463:INFO:CONSOLE:2] "Some icons were re-registered. Applications should only call registerIcons for any given icon once. Redefining what an icon is may have unintended consequences. Duplicates include: 
vNextContactCard, accdb16_png, accdb16_svg, accdb16_1.5x_png, accdb16_1.5x_svg, accdb16_2x_png, accdb16_3x_png, accdb16_4x_png, aipage16_png, aipage16_svg (+ 4527 more)", source: https://res-1.cdn.office.net/midgard/versionless/livepersonacard_without-react_0aad28b3d9f0a302cb71.js (2)
[30604:4468:0628/024839.539:INFO:CONSOLE:1] "undetected chromedriver 1337!", source:  (1)
[30604:4468:0628/024842.897:INFO:CONSOLE:1] "Refused to load the script 'https://js.monitor.azure.com/scripts/c/ms.shared.analytics.mectrl-3.gbl.min.js' because it violates the following Content Security Policy directive: "script-src 'nonce-o0qKxHkiv3DxdnaOeWmqqg==' *.res.office365.com *.fluidpreview.office.net *.cdn.office.net *.df.onecdn.static.microsoft *.public.onecdn.static.microsoft wss://*.delve.office.com:443 shellprod.msocdn.com amcdn.msauth.net amcdn.msftauth.net *.bing.com *.skype.com *.skypeassets.com *.delve.office.com *.cdn.office.net *.df.onecdn.static.microsoft *.public.onecdn.static.microsoft static.teams.microsoft.com teams.microsoft.com cdn.forms.office.net blob: 'report-sample' 'self' 'wasm-unsafe-eval' *.yammer.com". Note that 'script-src-elem' was not explicitly set, so 'script-src' is used as a fallback.
", source: https://amcdn.msftauth.net/me?partner=Exchange&version=latest&market=fr-FR&wrapperId=suiteshell (1)
[30604:4468:0628/024842.915:INFO:CONSOLE:1] "Refused to load the script 'https://js.monitor.azure.com/scripts/c/ms.shared.analytics.mectrl-3.gbl.min.js' because it violates the following Content Security Policy directive: "script-src 'nonce-o0qKxHkiv3DxdnaOeWmqqg==' *.res.office365.com *.fluidpreview.office.net *.cdn.office.net *.df.onecdn.static.microsoft *.public.onecdn.static.microsoft wss://*.delve.office.com:443 shellprod.msocdn.com amcdn.msauth.net amcdn.msftauth.net *.bing.com *.skype.com *.skypeassets.com *.delve.office.com *.cdn.office.net *.df.onecdn.static.microsoft *.public.onecdn.static.microsoft static.teams.microsoft.com teams.microsoft.com cdn.forms.office.net blob: 'report-sample' 'self' 'wasm-unsafe-eval' *.yammer.com". Note that 'script-src-elem' was not explicitly set, so 'script-src' is used as a fallback.
", source: https://amcdn.msftauth.net/me?partner=Exchange&version=latest&market=fr-FR&wrapperId=suiteshell (1)
[24568:26200:0628/024842.989:WARNING:net\spdy\spdy_session.cc:2784] Received RST for invalid stream3
[30604:4468:0628/024845.346:INFO:CONSOLE:2] "Some icons were re-registered. Applications should only call registerIcons for any given icon once. Redefining what an icon is may have unintended consequences. Duplicates include: 
vNextContactCard, accdb16_png, accdb16_svg, accdb16_1.5x_png, accdb16_1.5x_svg, accdb16_2x_png, accdb16_3x_png, accdb16_4x_png, aipage16_png, aipage16_svg (+ 4527 more)", source: https://res-1.cdn.office.net/midgard/versionless/livepersonacard_without-react_0aad28b3d9f0a302cb71.js (2)
[30604:4468:0628/024849.778:INFO:CONSOLE:1] "undetected chromedriver 1337!", source:  (1)
[24568:32576:0628/024850.138:WARNING:net\disk_cache\blockfile\backend_impl.cc:1759] Destroying invalid entry.
[30604:4468:0628/024852.758:INFO:CONSOLE:1] "Refused to load the script 'https://js.monitor.azure.com/scripts/c/ms.shared.analytics.mectrl-3.gbl.min.js' because it violates the following Content Security Policy directive: "script-src 'nonce-t67ix8YVnDb4YaB+wAwgXw==' *.res.office365.com *.fluidpreview.office.net *.cdn.office.net *.df.onecdn.static.microsoft *.public.onecdn.static.microsoft wss://*.delve.office.com:443 shellprod.msocdn.com amcdn.msauth.net amcdn.msftauth.net *.bing.com *.skype.com *.skypeassets.com *.delve.office.com *.cdn.office.net *.df.onecdn.static.microsoft *.public.onecdn.static.microsoft static.teams.microsoft.com teams.microsoft.com cdn.forms.office.net blob: 'report-sample' 'self' 'wasm-unsafe-eval' *.yammer.com". Note that 'script-src-elem' was not explicitly set, so 'script-src' is used as a fallback.
", source: https://amcdn.msftauth.net/me?partner=Exchange&version=latest&market=fr-FR&wrapperId=suiteshell (1)
[30604:4468:0628/024852.758:INFO:CONSOLE:1] "Refused to load the script 'https://js.monitor.azure.com/scripts/c/ms.shared.analytics.mectrl-3.gbl.min.js' because it violates the following Content Security Policy directive: "script-src 'nonce-t67ix8YVnDb4YaB+wAwgXw==' *.res.office365.com *.fluidpreview.office.net *.cdn.office.net *.df.onecdn.static.microsoft *.public.onecdn.static.microsoft wss://*.delve.office.com:443 shellprod.msocdn.com amcdn.msauth.net amcdn.msftauth.net *.bing.com *.skype.com *.skypeassets.com *.delve.office.com *.cdn.office.net *.df.onecdn.static.microsoft *.public.onecdn.static.microsoft static.teams.microsoft.com teams.microsoft.com cdn.forms.office.net blob: 'report-sample' 'self' 'wasm-unsafe-eval' *.yammer.com". Note that 'script-src-elem' was not explicitly set, so 'script-src' is used as a fallback.
", source: https://amcdn.msftauth.net/me?partner=Exchange&version=latest&market=fr-FR&wrapperId=suiteshell (1)
[24568:26200:0628/024853.572:WARNING:net\spdy\spdy_session.cc:2784] Received RST for invalid stream5
[30604:4468:0628/024856.668:INFO:CONSOLE:2] "Some icons were re-registered. Applications should only call registerIcons for any given icon once. Redefining what an icon is may have unintended consequences. Duplicates include: 
vNextContactCard, accdb16_png, accdb16_svg, accdb16_1.5x_png, accdb16_1.5x_svg, accdb16_2x_png, accdb16_3x_png, accdb16_4x_png, aipage16_png, aipage16_svg (+ 4527 more)", source: https://res-1.cdn.office.net/midgard/versionless/livepersonacard_without-react_0aad28b3d9f0a302cb71.js (2)
