[20536:29044:0712/215115.150:INFO:components\enterprise\browser\controller\chrome_browser_cloud_management_controller.cc:202] No machine level policy manager exists.
[20536:29044:0712/215115.498:INFO:CONSOLE:1] "undetected chromedriver 1337!", source:  (1)
[20536:29044:0712/215115.498:INFO:CONSOLE:1] "undetected chromedriver 1337!", source:  (1)
[20536:29044:0712/215115.530:INFO:CONSOLE:1] "undetected chromedriver 1337!", source:  (1)
[20536:29044:0712/215116.966:INFO:CONSOLE:1] "Refused to load the script 'https://js.monitor.azure.com/scripts/c/ms.shared.analytics.mectrl-3.gbl.min.js' because it violates the following Content Security Policy directive: "script-src 'nonce-7dDDlqiNH6m9U8KOpVMcHQ==' *.res.office365.com *.fluidpreview.office.net *.cdn.office.net *.df.onecdn.static.microsoft *.public.onecdn.static.microsoft wss://*.delve.office.com:443 shellprod.msocdn.com amcdn.msauth.net amcdn.msftauth.net *.skype.com *.skypeassets.com *.delve.office.com *.cdn.office.net *.df.onecdn.static.microsoft *.public.onecdn.static.microsoft static.teams.microsoft.com teams.microsoft.com cdn.forms.office.net blob: 'report-sample' 'self' 'wasm-unsafe-eval' *.yammer.com". Note that 'script-src-elem' was not explicitly set, so 'script-src' is used as a fallback.
", source: https://amcdn.msftauth.net/me?partner=Exchange&version=latest&market=en-US&wrapperId=suiteshell (1)
[20536:29044:0712/215116.966:INFO:CONSOLE:1] "Refused to load the script 'https://js.monitor.azure.com/scripts/c/ms.shared.analytics.mectrl-3.gbl.min.js' because it violates the following Content Security Policy directive: "script-src 'nonce-7dDDlqiNH6m9U8KOpVMcHQ==' *.res.office365.com *.fluidpreview.office.net *.cdn.office.net *.df.onecdn.static.microsoft *.public.onecdn.static.microsoft wss://*.delve.office.com:443 shellprod.msocdn.com amcdn.msauth.net amcdn.msftauth.net *.skype.com *.skypeassets.com *.delve.office.com *.cdn.office.net *.df.onecdn.static.microsoft *.public.onecdn.static.microsoft static.teams.microsoft.com teams.microsoft.com cdn.forms.office.net blob: 'report-sample' 'self' 'wasm-unsafe-eval' *.yammer.com". Note that 'script-src-elem' was not explicitly set, so 'script-src' is used as a fallback.
", source: https://amcdn.msftauth.net/me?partner=Exchange&version=latest&market=en-US&wrapperId=suiteshell (1)
[20536:29044:0712/215119.877:INFO:CONSOLE:2] "Some icons were re-registered. Applications should only call registerIcons for any given icon once. Redefining what an icon is may have unintended consequences. Duplicates include: 
vNextContactCard, accdb16_png, accdb16_svg, accdb16_1.5x_png, accdb16_1.5x_svg, accdb16_2x_png, accdb16_3x_png, accdb16_4x_png, aipage16_png, aipage16_svg (+ 4527 more)", source: https://res-1.cdn.office.net/midgard/versionless/livepersonacard_without-react_335cbf84905129a424a6.js (2)
[20536:29044:0712/215120.680:INFO:CONSOLE:1] "undetected chromedriver 1337!", source:  (1)
[20536:29044:0712/215121.483:INFO:CONSOLE:1] "Refused to load the script 'https://js.monitor.azure.com/scripts/c/ms.shared.analytics.mectrl-3.gbl.min.js' because it violates the following Content Security Policy directive: "script-src 'nonce-7dDDlqiNH6m9U8KOpVMcHQ==' *.res.office365.com *.fluidpreview.office.net *.cdn.office.net *.df.onecdn.static.microsoft *.public.onecdn.static.microsoft wss://*.delve.office.com:443 shellprod.msocdn.com amcdn.msauth.net amcdn.msftauth.net *.skype.com *.skypeassets.com *.delve.office.com *.cdn.office.net *.df.onecdn.static.microsoft *.public.onecdn.static.microsoft static.teams.microsoft.com teams.microsoft.com cdn.forms.office.net blob: 'report-sample' 'self' 'wasm-unsafe-eval' *.yammer.com". Note that 'script-src-elem' was not explicitly set, so 'script-src' is used as a fallback.
", source: https://amcdn.msftauth.net/me?partner=Exchange&version=latest&market=en-US&wrapperId=suiteshell (1)
[20536:29044:0712/215121.483:INFO:CONSOLE:1] "Refused to load the script 'https://js.monitor.azure.com/scripts/c/ms.shared.analytics.mectrl-3.gbl.min.js' because it violates the following Content Security Policy directive: "script-src 'nonce-7dDDlqiNH6m9U8KOpVMcHQ==' *.res.office365.com *.fluidpreview.office.net *.cdn.office.net *.df.onecdn.static.microsoft *.public.onecdn.static.microsoft wss://*.delve.office.com:443 shellprod.msocdn.com amcdn.msauth.net amcdn.msftauth.net *.skype.com *.skypeassets.com *.delve.office.com *.cdn.office.net *.df.onecdn.static.microsoft *.public.onecdn.static.microsoft static.teams.microsoft.com teams.microsoft.com cdn.forms.office.net blob: 'report-sample' 'self' 'wasm-unsafe-eval' *.yammer.com". Note that 'script-src-elem' was not explicitly set, so 'script-src' is used as a fallback.
", source: https://amcdn.msftauth.net/me?partner=Exchange&version=latest&market=en-US&wrapperId=suiteshell (1)
[20536:29044:0712/215124.211:INFO:CONSOLE:2] "Some icons were re-registered. Applications should only call registerIcons for any given icon once. Redefining what an icon is may have unintended consequences. Duplicates include: 
vNextContactCard, accdb16_png, accdb16_svg, accdb16_1.5x_png, accdb16_1.5x_svg, accdb16_2x_png, accdb16_3x_png, accdb16_4x_png, aipage16_png, aipage16_svg (+ 4527 more)", source: https://res-1.cdn.office.net/midgard/versionless/livepersonacard_without-react_335cbf84905129a424a6.js (2)
[20536:26280:0712/215125.142:ERROR:google_apis\gcm\engine\registration_request.cc:291] Registration response error message: DEPRECATED_ENDPOINT
[14980:26048:0712/215127.869:WARNING:net\extras\sqlite\sqlite_persistent_store_backend_base.cc:176] Failed to post task from FlushAndNotifyInBackground@net\extras\sqlite\sqlite_persistent_store_backend_base.cc:226 to client_task_runner_.
[14980:26048:0712/215127.869:WARNING:net\extras\sqlite\sqlite_persistent_store_backend_base.cc:176] Failed to post task from FlushAndNotifyInBackground@net\extras\sqlite\sqlite_persistent_store_backend_base.cc:226 to client_task_runner_.
