[25920:19532:0705/184310.381:INFO:components\enterprise\browser\controller\chrome_browser_cloud_management_controller.cc:202] No machine level policy manager exists.
[25920:19532:0705/184310.803:INFO:CONSOLE:1] "undetected chromedriver 1337!", source:  (1)
[25920:19532:0705/184310.806:INFO:CONSOLE:1] "undetected chromedriver 1337!", source:  (1)
[25920:19532:0705/184310.884:INFO:CONSOLE:1] "undetected chromedriver 1337!", source:  (1)
[25920:19532:0705/184311.025:INFO:CONSOLE:7] "An iframe which has both allow-scripts and allow-same-origin for its sandbox attribute can escape its sandboxing.", source: https://res.public.onecdn.static.microsoft/owamail/hashed-v1/scripts/owa.94868.m.211888ef.js (7)
[25920:19532:0705/184311.031:INFO:CONSOLE:1] "undetected chromedriver 1337!", source:  (1)
[25920:19532:0705/184312.014:INFO:CONSOLE:0] "An iframe which has both allow-scripts and allow-same-origin for its sandbox attribute can escape its sandboxing.", source: https://outlook.office.com/mail/oauthRedirect.html#error=login_required&error_description=AADSTS50058%3a+A+silent+sign-in+request+was+sent+but+no+user+is+signed+in.+Trace+ID%3a+94bac5d4-76b4-4bf7-ad93-737ac35a9f00+Correlation+ID%3a+479a94be-d8ac-7c23-e7a6-d501a2fca364+Timestamp%3a+2025-07-05+17%3a43%3a10Z&error_uri=https%3a%2f%2flogin.microsoftonline.com%2ferror%3fcode%3d50058&state=eyJpZCI6IjAxOTdkYmFmLTU3YWUtN2YzYy05MGQ1LTM2ZjdmZjM3MjQxMiIsIm1ldGEiOnsiaW50ZXJhY3Rpb25UeXBlIjoic2lsZW50In19 (0)
[25920:19532:0705/184312.017:INFO:CONSOLE:1] "undetected chromedriver 1337!", source:  (1)
[25920:19532:0705/184313.450:INFO:CONSOLE:1] "undetected chromedriver 1337!", source:  (1)
[25920:19532:0705/184314.890:INFO:CONSOLE:0] "[DOM] Input elements should have autocomplete attributes (suggested: "username"): (More info: https://goo.gl/9p2vKq) %o", source: https://login.microsoftonline.com/organizations/oauth2/v2.0/authorize?client_id=9199bf20-a13f-4107-85dc-02114787ef48&scope=https%3A%2F%2Foutlook.office.com%2F.default%20openid%20profile%20offline_access&redirect_uri=https%3A%2F%2Foutlook.office.com%2Fmail%2F&client-request-id=479a94be-d8ac-7c23-e7a6-d501a2fca364&response_mode=fragment&client_info=1&login_hint=O.CiQwNTBlNjNkNy0wMzIwLTQ4ZDAtODZkNC1hMDBjNWY0Njc4NWYSJDlhN2M2MzkwLTQ0NDYtNDc1Mi1iNTEwLTU5NjhiNWNkOTg1Nxo8dWNkcmd2aW53YnFhb21meXpwZXRAeWFycmFyYW5nZXNraW5kZXJnYXJ0ZW4ub25taWNyb3NvZnQuY29tICk%3D&X-AnchorMailbox=Oid%3A050e63d7-0320-48d0-86d4-a00c5f46785f%409a7c6390-4446-4752-b510-5968b5cd9857&nonce=0197dbaf-5ba5-7192-8891-d8ca2d6a9b29&state=eyJpZCI6IjAxOTdkYmFmLTViYTUtNzJiYi1hYTMyLTY1YzExNjFhZGNlYSIsIm1ldGEiOnsiaW50ZXJhY3Rpb25UeXBlIjoicmVkaXJlY3QifX0%3D&claims=%7B%22access_token%22%3A%7B%22xms_cc%22%3A%7B%22values%22%3A%5B%22CP1%22%5D%7D%7D%7D&x-client-SKU=msal.js.browser&x-client-VER=4.12.0&response_type=code&code_challenge=frcp4Os9Ixrcmz85tlJ_Gu-XCTygjOvMlrCQoVsN2bw&code_challenge_method=S256 (0)
[25920:19532:0705/184317.544:INFO:CONSOLE:1] "undetected chromedriver 1337!", source:  (1)
[25920:19532:0705/184318.316:INFO:CONSOLE:1] "undetected chromedriver 1337!", source:  (1)
[25920:19532:0705/184318.506:INFO:CONSOLE:1] "true", source: https://login.live.com/Me.htm?v=3 (1)
[25920:19532:0705/184318.507:INFO:CONSOLE:1] "Storage access: true", source: https://login.live.com/Me.htm?v=3 (1)
[25920:19532:0705/184321.998:INFO:CONSOLE:0] "[DOM] Input elements should have autocomplete attributes (suggested: "current-password"): (More info: https://goo.gl/9p2vKq) %o", source: https://login.microsoftonline.com/common/oauth2/v2.0/authorize?client_id=4765445b-32c6-49b0-83e6-1d93765276ca&redirect_uri=https%3A%2F%2Fm365.cloud.microsoft%2Flandingv2&response_type=code%20id_token&scope=openid%20profile%20https%3A%2F%2Fwww.office.com%2Fv2%2FOfficeHome.All&response_mode=form_post&nonce=638873341967892187.MGEzYzk4MzctNjZjYS00ZDQ0LWI4YTktYWI1MzA5ZDUyMmEzN2Y4Zjc3NzEtZDYwNi00YmI3LTgyZTAtNjdlZDljNmFhOTlh&ui_locales=fr-FR&mkt=fr-FR&prompt=select_account&client-request-id=aaf36ac4-8ca5-4712-9f77-d43d63ff9d21&state=J5l6po33UPtKURXfD5jcIbgzAWRLKOfuJEUM8Vyyx-2e_qdEYeHmq8QST-8Dul-ea_JVboJTsr30jpG7S_uKupQd0m1gfXr1k564aGeMGqw-CgU-1zGwknq3pD3SOTISfMw6PyFgJDmbi-u5RpKcybqkOxIWnntlp6qZGRlY_2QjOB9QgB9GmaOH_WZWdXAKmk7Q0Cva0dHfm4qQSjCqaOwf0Ia41NXNnz9qDmiU_KnHbP97UBZ8cAgy3GD2j8LikqSIdJiZZv4L5RjZqdKxcUX3ZJXpbq9pJmh7lsqihvX6a9GZc859Bbs9wyVDlOy1oYd310cxMdS1iPeRdEvKqpSIT4qm2SsPhKektlpLGPGxZhM8VNtNZOSk8Gt5bqkwBPpHVHMSLneCI0OBitx6uA&x-client-SKU=ID_NET8_0&x-client-ver=8.5.0.0 (0)
[25920:19532:0705/184324.234:INFO:CONSOLE:0] "[DOM] Input elements should have autocomplete attributes (suggested: "username"): (More info: https://goo.gl/9p2vKq) %o", source: https://login.microsoftonline.com/common/oauth2/v2.0/authorize?client_id=4765445b-32c6-49b0-83e6-1d93765276ca&redirect_uri=https%3A%2F%2Fm365.cloud.microsoft%2Flandingv2&response_type=code%20id_token&scope=openid%20profile%20https%3A%2F%2Fwww.office.com%2Fv2%2FOfficeHome.All&response_mode=form_post&nonce=638873341967892187.MGEzYzk4MzctNjZjYS00ZDQ0LWI4YTktYWI1MzA5ZDUyMmEzN2Y4Zjc3NzEtZDYwNi00YmI3LTgyZTAtNjdlZDljNmFhOTlh&ui_locales=fr-FR&mkt=fr-FR&prompt=select_account&client-request-id=aaf36ac4-8ca5-4712-9f77-d43d63ff9d21&state=J5l6po33UPtKURXfD5jcIbgzAWRLKOfuJEUM8Vyyx-2e_qdEYeHmq8QST-8Dul-ea_JVboJTsr30jpG7S_uKupQd0m1gfXr1k564aGeMGqw-CgU-1zGwknq3pD3SOTISfMw6PyFgJDmbi-u5RpKcybqkOxIWnntlp6qZGRlY_2QjOB9QgB9GmaOH_WZWdXAKmk7Q0Cva0dHfm4qQSjCqaOwf0Ia41NXNnz9qDmiU_KnHbP97UBZ8cAgy3GD2j8LikqSIdJiZZv4L5RjZqdKxcUX3ZJXpbq9pJmh7lsqihvX6a9GZc859Bbs9wyVDlOy1oYd310cxMdS1iPeRdEvKqpSIT4qm2SsPhKektlpLGPGxZhM8VNtNZOSk8Gt5bqkwBPpHVHMSLneCI0OBitx6uA&x-client-SKU=ID_NET8_0&x-client-ver=8.5.0.0 (0)
[25920:19532:0705/184327.833:INFO:CONSOLE:1] "undetected chromedriver 1337!", source:  (1)
[25920:19532:0705/184330.984:INFO:CONSOLE:1] "undetected chromedriver 1337!", source:  (1)
[25920:19532:0705/184335.169:INFO:CONSOLE:1] "undetected chromedriver 1337!", source:  (1)
[25920:19532:0705/184339.766:INFO:CONSOLE:2] "AI (Internal): 505 message:"Browser does not support local storage. Session durations will be inaccurate."", source: https://res.public.onecdn.static.microsoft/midgard/versionless-v2/officestartbundles/vendors.399d40c18bee3d919c56.js (2)
[25920:18708:0705/184340.447:INFO:chrome\browser\extensions\extension_garbage_collector.cc:184] Garbage collection for extensions on file thread is complete.
[25920:19532:0705/184341.331:INFO:CONSOLE:1] "undetected chromedriver 1337!", source:  (1)
[18728:27668:0705/184341.332:WARNING:net\spdy\spdy_session.cc:3054] Received HEADERS for invalid stream 7
[18728:27668:0705/184341.346:WARNING:net\spdy\spdy_session.cc:3054] Received HEADERS for invalid stream 3
[25920:19532:0705/184341.431:INFO:CONSOLE:7] "An iframe which has both allow-scripts and allow-same-origin for its sandbox attribute can escape its sandboxing.", source: https://res.public.onecdn.static.microsoft/owamail/hashed-v1/scripts/owa.94868.m.211888ef.js (7)
[25920:19532:0705/184341.431:INFO:CONSOLE:1] "undetected chromedriver 1337!", source:  (1)
[18728:27668:0705/184341.489:WARNING:net\spdy\spdy_session.cc:3054] Received HEADERS for invalid stream 11
[18728:27668:0705/184341.530:WARNING:net\spdy\spdy_session.cc:3054] Received HEADERS for invalid stream 1
[18728:27668:0705/184341.667:WARNING:net\spdy\spdy_session.cc:3054] Received HEADERS for invalid stream 9
[25920:19532:0705/184342.367:INFO:CONSOLE:0] "An iframe which has both allow-scripts and allow-same-origin for its sandbox attribute can escape its sandboxing.", source: https://outlook.office.com/mail/oauthRedirect.html#code=1.AUIAkGN8mkZEUke1EFlotc2YVyC_mZE_oQdBhdwCEUeH70ikAKNCAA.AgABBAIAAABVrSpeuWamRam2jAF1XRQEAwDs_wUA9P_m3ANwR8ikc7CYxXqNcc5QpYrmG7vAaKf02ybYbtLbCS6peOJGpQHFEM1ArUsfZcs77nsHGPI2wLZOC1LC5uYUMkBvvNxVzX2MG05b8m1N2OC1bxXUFFmXhqsA5qhImkrwOY1cJRbqtMS03awpJZf-RvVxfa2Bifp3QIxE0gLoYAod6e52QLxG8SRGjPzZLzpOtE3CIML0oV5_PIAsE3CTgIw_ahxtbMPYRHjmhnl1EdFDHo22RKpE_qSGo1OkBhPPDvaOPRgUXsxiohMuseKDKC69MGRT0MJPyQsKRKqOjm4qYFewtwIRnyLihlewE1xUkPLd2e_rNqREEeR6gjlICVVz76rlvMGiSIyIqAR8m0p4ZzoGFHUlpV2coOb2fTOXKbNn0XbNnmQMXHasTNQZHoaQMA3CMOK1JXXoKkU1SFZYpZlabgQl8KtfVYoV5JJRJ3vPH23ZIX7aUsmlaJcBz5KceP6GYyRxJzi-WsmCZKSms3Bk-3f6smM92RCzPKxeo1uG23laM0BSGUZxPMNYs15ssw_4sEuu61IU7vmJLeneWSU441cDAUQkOiEFwE8Y-fyUQokeG3K_vSZUH5LN_GmLMzqNb1_wSbBOw-WpuSAluPHdQEAVZV5hUsBjMj-SUep-pqF_5YdjG90OWFdadZhh2z7dGhjYHBZkl8sGXncYruLX9LrSY4Vd2QlKBTwcTVY7aD6CzUjrm5NDPGLo-xuU5QsnViLoell7o40keoYy1lOsqyTRxyBlhzrl0AeZrCrnH-moXsFFYSSs0SHv9_GrDoldvCajEH_ei2BKIFFgL_uLe_SwxpME5AbwHi1QEI5cB6ct-wXEk_OPeXiAVoHgVy7dHPwnihR2DUzpVDecgcwsphGdv8evmy8nsnYuo_iMjEjuQj4&client_info=eyJ1aWQiOiIwNTBlNjNkNy0wMzIwLTQ4ZDAtODZkNC1hMDBjNWY0Njc4NWYiLCJ1dGlkIjoiOWE3YzYzOTAtNDQ0Ni00NzUyLWI1MTAtNTk2OGI1Y2Q5ODU3In0&state=eyJpZCI6IjAxOTdkYmFmLWNlN2UtN2QwYy1hZTBiLWYwNDk5NjJmMzkwNCIsIm1ldGEiOnsiaW50ZXJhY3Rpb25UeXBlIjoic2lsZW50In19&session_state=006b9af9-842f-dc90-2d72-150712cbbef4 (0)
[25920:19532:0705/184342.367:INFO:CONSOLE:1] "undetected chromedriver 1337!", source:  (1)
[25920:19532:0705/184347.578:INFO:CONSOLE:0] "The resource https://res.public.onecdn.static.microsoft/owamail/hashed-v1/scripts/owa.AppBoot.m.e13f2833.css was preloaded using link preload but not used within a few seconds from the window's load event. Please make sure it has an appropriate `as` value and it is preloaded intentionally.", source: https://outlook.office.com/mail/junkemail (0)
[25920:19532:0705/184347.578:INFO:CONSOLE:0] "The resource https://res.public.onecdn.static.microsoft/owamail/hashed-v1/scripts/owa.AppBoot.m.86809715.js was preloaded using link preload but not used within a few seconds from the window's load event. Please make sure it has an appropriate `as` value and it is preloaded intentionally.", source: https://outlook.office.com/mail/junkemail (0)
[25920:19532:0705/184347.578:INFO:CONSOLE:0] "The resource https://res.public.onecdn.static.microsoft/owamail/hashed-v1/scripts/owa.45071.m.d620f900.js was preloaded using link preload but not used within a few seconds from the window's load event. Please make sure it has an appropriate `as` value and it is preloaded intentionally.", source: https://outlook.office.com/mail/junkemail (0)
[18728:21768:0705/184359.056:WARNING:net\extras\sqlite\sqlite_persistent_store_backend_base.cc:176] Failed to post task from FlushAndNotifyInBackground@net\extras\sqlite\sqlite_persistent_store_backend_base.cc:226 to client_task_runner_.
[18728:21768:0705/184359.056:WARNING:net\extras\sqlite\sqlite_persistent_store_backend_base.cc:176] Failed to post task from FlushAndNotifyInBackground@net\extras\sqlite\sqlite_persistent_store_backend_base.cc:226 to client_task_runner_.
