[24108:3552:0622/204052.294:INFO:components\enterprise\browser\controller\chrome_browser_cloud_management_controller.cc:202] No machine level policy manager exists.
[24108:3552:0622/204052.736:INFO:CONSOLE:1] "undetected chromedriver 1337!", source:  (1)
[24108:3552:0622/204052.746:INFO:CONSOLE:1] "undetected chromedriver 1337!", source:  (1)
[24108:3552:0622/204056.812:INFO:CONSOLE:1] "undetected chromedriver 1337!", source:  (1)
[24108:3552:0622/204057.136:INFO:CONSOLE:1] "undetected chromedriver 1337!", source:  (1)
[24108:3552:0622/204057.239:INFO:CONSOLE:7] "An iframe which has both allow-scripts and allow-same-origin for its sandbox attribute can escape its sandboxing.", source: https://res.public.onecdn.static.microsoft/owamail/hashed-v1/scripts/owa.94868.m.211888ef.js (7)
[24108:3552:0622/204057.241:INFO:CONSOLE:1] "undetected chromedriver 1337!", source:  (1)
[24108:3552:0622/204058.166:INFO:CONSOLE:0] "An iframe which has both allow-scripts and allow-same-origin for its sandbox attribute can escape its sandboxing.", source: https://outlook.live.com/mail/oauthRedirect.html#error=login_required&error_description=Silent+authentication+was+denied.+The+user+must+first+sign+in+and+if+needed+grant+the+client+application+access+to+the+scope+'service::outlook.office.com::MBI_SSL+openid+profile+offline_access'.&state=eyJpZCI6IjAxOTc5OTI4LTdlMGMtNzk3ZS05NmY4LWFiMThjOWY4OGJhNyIsIm1ldGEiOnsiaW50ZXJhY3Rpb25UeXBlIjoic2lsZW50In19 (0)
[24108:3552:0622/204058.166:INFO:CONSOLE:1] "undetected chromedriver 1337!", source:  (1)
[24108:3552:0622/204059.126:INFO:CONSOLE:1] "undetected chromedriver 1337!", source:  (1)
[24108:3552:0622/204059.538:INFO:CONSOLE:1] "1DS Initialized..", source: https://www.microsoft.com/etc.clientlibs/microsoft/components/structure/page/clientlibs/custom-oneds.ACSHASHc7126824fc792b8a6a54f7f58234f55f.min.js (1)
[24108:3552:0622/204059.596:INFO:CONSOLE:141] "EmeEncryptionSchemePolyfill: Waiting to detect encryptionScheme support.", source: https://www.microsoft.com/videoplayer/ump.mjs (141)
[24108:3552:0622/204059.596:INFO:CONSOLE:141] "McEncryptionSchemePolyfill: Waiting to detect encryptionScheme support.", source: https://www.microsoft.com/videoplayer/ump.mjs (141)
[24108:3552:0622/204100.173:INFO:CONSOLE:13155] "MWF v2.8.1", source: https://www.microsoft.com/etc.clientlibs/onecloud/clientlibs/clientlib-mwf-new/main-light.ACSHASHfe9d5283cc0a38f995b64bf0f39192eb.min.js (13155)
[24108:3552:0622/204100.281:INFO:CONSOLE:2613] "[OCR][ProductPricingManager] creation error:  Error: [OCR][ProductPricingManager] Invalid pricing component element. Missing data-ocr-pricing-identifier or data-ocr-sku-request attribute.", source: https://www.microsoft.com/etc.clientlibs/onecloud/clientlibs/clientlib-product-pricing.ACSHASH578ac15df4dff2a9f7a8250ae55ee3af.min.js (2613)
[24108:3552:0622/204100.282:INFO:CONSOLE:2613] "[OCR][ProductPricingManager] creation error:  Error: [OCR][ProductPricingManager] Invalid pricing component element. Missing data-ocr-pricing-identifier or data-ocr-sku-request attribute.", source: https://www.microsoft.com/etc.clientlibs/onecloud/clientlibs/clientlib-product-pricing.ACSHASH578ac15df4dff2a9f7a8250ae55ee3af.min.js (2613)
[24108:3552:0622/204100.327:INFO:CONSOLE:1] "sendToVortex Call", source: https://www.microsoft.com/etc.clientlibs/microsoft/clientlibs/exp-analytics/v1.ACSHASHbf7b336dbb370c984e1bf59b1a980d86.min.js (1)
[24108:3552:0622/204100.366:INFO:CONSOLE:10] "Going to iterate over instancesSettings", source: https://assets.adobedtm.com/5ef092d1efb5/d6d76b37b476/launch-41185cd0b005.min.js (10)
[24108:3552:0622/204100.372:INFO:CONSOLE:18] "_satellite typeof:object", source: https://assets.adobedtm.com/5ef092d1efb5/d6d76b37b476/launch-41185cd0b005.min.js (18)
[24108:3552:0622/204100.372:INFO:CONSOLE:18] "_satellite2 typeof:undefined", source: https://assets.adobedtm.com/5ef092d1efb5/d6d76b37b476/launch-41185cd0b005.min.js (18)
[24108:3552:0622/204100.392:INFO:CONSOLE:113] "Enter a_setSwipePayload", source:  (113)
[24108:3552:0622/204100.504:INFO:CONSOLE:87] "LCP Recorded Trigger Dispatched!", source:  (87)
[24108:3552:0622/204100.504:INFO:CONSOLE:119] "LCP Element: [object HTMLImageElement]", source:  (119)
[24108:3552:0622/204100.504:INFO:CONSOLE:120] "LCP Render Time: 1312", source:  (120)
[24108:3552:0622/204100.504:INFO:CONSOLE:121] "LCP Size: 974348", source:  (121)
[24108:3552:0622/204100.504:INFO:CONSOLE:1204] "Page Load Event End Trigger Dispatched!", source:  (1204)
[24108:3552:0622/204100.550:INFO:CONSOLE:1250] "Site Consent Found Trigger Dispatched!", source:  (1250)
[24108:3552:0622/204100.551:INFO:CONSOLE:22] "pageView event: page.page_fr-fr_microsoft-365_outlook_email-and-calendar-software-microsoft-outlook", source: https://assets.adobedtm.com/5ef092d1efb5/d6d76b37b476/launch-41185cd0b005.min.js (22)
[24108:3552:0622/204100.551:INFO:CONSOLE:3861] "Page View Trigger Event Dispatched!", source:  (3861)
[24108:3552:0622/204100.700:INFO:CONSOLE:2] "KIF-9a6a4551-d7ca-492e-83b8-a679497175ba: Launcher Rule Fired", source:  (2)
[24108:3552:0622/204100.715:INFO:CONSOLE:2] "KIF-472b86e4-85d2-424d-a035-610fe2345c81: Launcher Rule Fired", source:  (2)
[24108:3552:0622/204100.723:INFO:CONSOLE:2] "KIF-c66597f3-7752-4a26-9b1e-69987139d5e3: Launcher Rule Fired", source:  (2)
[24108:3552:0622/204100.730:INFO:CONSOLE:2] "KIF-d5d407cb-9e1e-454a-b1f6-7ae14cf3b9e4: Launcher Rule Fired", source:  (2)
[24108:3552:0622/204100.736:INFO:CONSOLE:2] "KIF-1d1be977-a70b-46a7-b9fd-0cdc192dd6de: Launcher Rule Fired", source:  (2)
[24108:3552:0622/204100.736:INFO:CONSOLE:2] "KIF M365 Demo 1DS starts", source:  (2)
[24108:3552:0622/204100.744:INFO:CONSOLE:8] "new condition found", source: https://assets.adobedtm.com/launch-ENc0cbffaf0f8248c3a934a56818d7737e.min.js (8)
[24108:3552:0622/204100.973:INFO:CONSOLE:1] "undetected chromedriver 1337!", source:  (1)
[24108:3552:0622/204102.252:INFO:CONSOLE:1] "undetected chromedriver 1337!", source:  (1)
[24108:3552:0622/204102.403:INFO:CONSOLE:1] "undetected chromedriver 1337!", source:  (1)
[24108:3552:0622/204102.506:INFO:CONSOLE:7] "An iframe which has both allow-scripts and allow-same-origin for its sandbox attribute can escape its sandboxing.", source: https://res.public.onecdn.static.microsoft/owamail/hashed-v1/scripts/owa.94868.m.211888ef.js (7)
[24108:3552:0622/204102.509:INFO:CONSOLE:1] "undetected chromedriver 1337!", source:  (1)
[24108:3552:0622/204102.834:INFO:CONSOLE:0] "An iframe which has both allow-scripts and allow-same-origin for its sandbox attribute can escape its sandboxing.", source: https://outlook.live.com/mail/oauthRedirect.html#error=login_required&error_description=Silent+authentication+was+denied.+The+user+must+first+sign+in+and+if+needed+grant+the+client+application+access+to+the+scope+'service::outlook.office.com::MBI_SSL+openid+profile+offline_access'.&state=eyJpZCI6IjAxOTc5OTI4LTkyOWItNzMxNS04ZDZlLWI1NTg1NGExYTU5NiIsIm1ldGEiOnsiaW50ZXJhY3Rpb25UeXBlIjoic2lsZW50In19 (0)
[24108:3552:0622/204102.837:INFO:CONSOLE:1] "undetected chromedriver 1337!", source:  (1)
[24108:3552:0622/204103.790:INFO:CONSOLE:1] "undetected chromedriver 1337!", source:  (1)
[24108:3552:0622/204104.223:INFO:CONSOLE:1] "1DS Initialized..", source: https://www.microsoft.com/etc.clientlibs/microsoft/components/structure/page/clientlibs/custom-oneds.ACSHASHc7126824fc792b8a6a54f7f58234f55f.min.js (1)
[24108:3552:0622/204104.287:INFO:CONSOLE:141] "EmeEncryptionSchemePolyfill: Waiting to detect encryptionScheme support.", source: https://www.microsoft.com/videoplayer/ump.mjs (141)
[24108:3552:0622/204104.287:INFO:CONSOLE:141] "McEncryptionSchemePolyfill: Waiting to detect encryptionScheme support.", source: https://www.microsoft.com/videoplayer/ump.mjs (141)
[24108:3552:0622/204104.862:INFO:CONSOLE:13155] "MWF v2.8.1", source: https://www.microsoft.com/etc.clientlibs/onecloud/clientlibs/clientlib-mwf-new/main-light.ACSHASHfe9d5283cc0a38f995b64bf0f39192eb.min.js (13155)
[24108:3552:0622/204104.991:INFO:CONSOLE:2613] "[OCR][ProductPricingManager] creation error:  Error: [OCR][ProductPricingManager] Invalid pricing component element. Missing data-ocr-pricing-identifier or data-ocr-sku-request attribute.", source: https://www.microsoft.com/etc.clientlibs/onecloud/clientlibs/clientlib-product-pricing.ACSHASH578ac15df4dff2a9f7a8250ae55ee3af.min.js (2613)
[24108:3552:0622/204104.991:INFO:CONSOLE:2613] "[OCR][ProductPricingManager] creation error:  Error: [OCR][ProductPricingManager] Invalid pricing component element. Missing data-ocr-pricing-identifier or data-ocr-sku-request attribute.", source: https://www.microsoft.com/etc.clientlibs/onecloud/clientlibs/clientlib-product-pricing.ACSHASH578ac15df4dff2a9f7a8250ae55ee3af.min.js (2613)
[24108:3552:0622/204105.049:INFO:CONSOLE:1] "sendToVortex Call", source: https://www.microsoft.com/etc.clientlibs/microsoft/clientlibs/exp-analytics/v1.ACSHASHbf7b336dbb370c984e1bf59b1a980d86.min.js (1)
[24108:3552:0622/204105.086:INFO:CONSOLE:10] "Going to iterate over instancesSettings", source: https://assets.adobedtm.com/5ef092d1efb5/d6d76b37b476/launch-41185cd0b005.min.js (10)
[24108:3552:0622/204105.090:INFO:CONSOLE:18] "_satellite typeof:object", source: https://assets.adobedtm.com/5ef092d1efb5/d6d76b37b476/launch-41185cd0b005.min.js (18)
[24108:3552:0622/204105.090:INFO:CONSOLE:18] "_satellite2 typeof:undefined", source: https://assets.adobedtm.com/5ef092d1efb5/d6d76b37b476/launch-41185cd0b005.min.js (18)
[24108:3552:0622/204105.113:INFO:CONSOLE:113] "Enter a_setSwipePayload", source:  (113)
[24108:3552:0622/204105.276:INFO:CONSOLE:1250] "Site Consent Found Trigger Dispatched!", source:  (1250)
[24108:3552:0622/204105.276:INFO:CONSOLE:87] "LCP Recorded Trigger Dispatched!", source:  (87)
[24108:3552:0622/204105.276:INFO:CONSOLE:119] "LCP Element: [object HTMLImageElement]", source:  (119)
[24108:3552:0622/204105.276:INFO:CONSOLE:120] "LCP Render Time: 1312", source:  (120)
[24108:3552:0622/204105.276:INFO:CONSOLE:121] "LCP Size: 974348", source:  (121)
[24108:3552:0622/204105.276:INFO:CONSOLE:1204] "Page Load Event End Trigger Dispatched!", source:  (1204)
[24108:3552:0622/204105.282:INFO:CONSOLE:22] "pageView event: page.page_fr-fr_microsoft-365_outlook_email-and-calendar-software-microsoft-outlook", source: https://assets.adobedtm.com/5ef092d1efb5/d6d76b37b476/launch-41185cd0b005.min.js (22)
[24108:3552:0622/204105.282:INFO:CONSOLE:3861] "Page View Trigger Event Dispatched!", source:  (3861)
[24108:3552:0622/204105.447:INFO:CONSOLE:2] "KIF-9a6a4551-d7ca-492e-83b8-a679497175ba: Launcher Rule Fired", source:  (2)
[24108:3552:0622/204105.473:INFO:CONSOLE:2] "KIF-472b86e4-85d2-424d-a035-610fe2345c81: Launcher Rule Fired", source:  (2)
[24108:3552:0622/204105.480:INFO:CONSOLE:2] "KIF-c66597f3-7752-4a26-9b1e-69987139d5e3: Launcher Rule Fired", source:  (2)
[24108:3552:0622/204105.485:INFO:CONSOLE:2] "KIF-d5d407cb-9e1e-454a-b1f6-7ae14cf3b9e4: Launcher Rule Fired", source:  (2)
[24108:3552:0622/204105.491:INFO:CONSOLE:2] "KIF-1d1be977-a70b-46a7-b9fd-0cdc192dd6de: Launcher Rule Fired", source:  (2)
[24108:3552:0622/204105.491:INFO:CONSOLE:2] "KIF M365 Demo 1DS starts", source:  (2)
[24108:3552:0622/204105.499:INFO:CONSOLE:8] "new condition found", source: https://assets.adobedtm.com/launch-ENc0cbffaf0f8248c3a934a56818d7737e.min.js (8)
[24108:3552:0622/204108.496:INFO:CONSOLE:2] "M365 munchkin starts", source:  (2)
[24108:3552:0622/204108.496:INFO:CONSOLE:2] "munchkin end", source:  (2)
[24108:3552:0622/204108.496:INFO:CONSOLE:2] "Not a zh-cn page", source:  (2)
[24108:3552:0622/204108.496:INFO:CONSOLE:2] "Pixels starts", source:  (2)
[24108:3552:0622/204108.496:INFO:CONSOLE:2] "Pixels end - after old logic", source:  (2)
[24108:3552:0622/204111.502:INFO:CONSOLE:19] "Munchkin.init("%s") options: 157-GQE-382 [object Object]", source: https://munchkin.marketo.net/157/munchkin.js (19)
[24108:9440:0622/204122.389:INFO:chrome\browser\extensions\extension_garbage_collector.cc:184] Garbage collection for extensions on file thread is complete.
[24108:3552:0622/204122.711:INFO:CONSOLE:1] "undetected chromedriver 1337!", source:  (1)
[24108:3552:0622/204122.886:INFO:CONSOLE:7] "An iframe which has both allow-scripts and allow-same-origin for its sandbox attribute can escape its sandboxing.", source: https://res.public.onecdn.static.microsoft/owamail/hashed-v1/scripts/owa.94868.m.211888ef.js (7)
[24108:3552:0622/204122.886:INFO:CONSOLE:1] "undetected chromedriver 1337!", source:  (1)
[24108:3552:0622/204123.318:INFO:CONSOLE:0] "An iframe which has both allow-scripts and allow-same-origin for its sandbox attribute can escape its sandboxing.", source: https://outlook.live.com/mail/oauthRedirect.html#error=login_required&error_description=Silent+authentication+was+denied.+The+user+must+first+sign+in+and+if+needed+grant+the+client+application+access+to+the+scope+'service::outlook.office.com::MBI_SSL+openid+profile+offline_access'.&state=eyJpZCI6IjAxOTc5OTI4LWUyNDAtNzNjZi1iYzg2LWQxYzdmYmI0MjVjZiIsIm1ldGEiOnsiaW50ZXJhY3Rpb25UeXBlIjoic2lsZW50In19 (0)
[24108:3552:0622/204123.319:INFO:CONSOLE:1] "undetected chromedriver 1337!", source:  (1)
[24108:3552:0622/204124.032:INFO:CONSOLE:1] "undetected chromedriver 1337!", source:  (1)
[24108:3552:0622/204124.539:INFO:CONSOLE:1] "1DS Initialized..", source: https://www.microsoft.com/etc.clientlibs/microsoft/components/structure/page/clientlibs/custom-oneds.ACSHASHc7126824fc792b8a6a54f7f58234f55f.min.js (1)
[24108:3552:0622/204124.601:INFO:CONSOLE:141] "EmeEncryptionSchemePolyfill: Waiting to detect encryptionScheme support.", source: https://www.microsoft.com/videoplayer/ump.mjs (141)
[24108:3552:0622/204124.601:INFO:CONSOLE:141] "McEncryptionSchemePolyfill: Waiting to detect encryptionScheme support.", source: https://www.microsoft.com/videoplayer/ump.mjs (141)
[24108:3552:0622/204125.147:INFO:CONSOLE:13155] "MWF v2.8.1", source: https://www.microsoft.com/etc.clientlibs/onecloud/clientlibs/clientlib-mwf-new/main-light.ACSHASHfe9d5283cc0a38f995b64bf0f39192eb.min.js (13155)
[24108:3552:0622/204125.257:INFO:CONSOLE:2613] "[OCR][ProductPricingManager] creation error:  Error: [OCR][ProductPricingManager] Invalid pricing component element. Missing data-ocr-pricing-identifier or data-ocr-sku-request attribute.", source: https://www.microsoft.com/etc.clientlibs/onecloud/clientlibs/clientlib-product-pricing.ACSHASH578ac15df4dff2a9f7a8250ae55ee3af.min.js (2613)
[24108:3552:0622/204125.257:INFO:CONSOLE:2613] "[OCR][ProductPricingManager] creation error:  Error: [OCR][ProductPricingManager] Invalid pricing component element. Missing data-ocr-pricing-identifier or data-ocr-sku-request attribute.", source: https://www.microsoft.com/etc.clientlibs/onecloud/clientlibs/clientlib-product-pricing.ACSHASH578ac15df4dff2a9f7a8250ae55ee3af.min.js (2613)
[24108:3552:0622/204125.302:INFO:CONSOLE:1] "sendToVortex Call", source: https://www.microsoft.com/etc.clientlibs/microsoft/clientlibs/exp-analytics/v1.ACSHASHbf7b336dbb370c984e1bf59b1a980d86.min.js (1)
[24108:3552:0622/204125.335:INFO:CONSOLE:10] "Going to iterate over instancesSettings", source: https://assets.adobedtm.com/5ef092d1efb5/d6d76b37b476/launch-41185cd0b005.min.js (10)
[24108:3552:0622/204125.347:INFO:CONSOLE:18] "_satellite typeof:object", source: https://assets.adobedtm.com/5ef092d1efb5/d6d76b37b476/launch-41185cd0b005.min.js (18)
[24108:3552:0622/204125.348:INFO:CONSOLE:18] "_satellite2 typeof:undefined", source: https://assets.adobedtm.com/5ef092d1efb5/d6d76b37b476/launch-41185cd0b005.min.js (18)
[24108:3552:0622/204125.373:INFO:CONSOLE:113] "Enter a_setSwipePayload", source:  (113)
[24108:3552:0622/204125.504:INFO:CONSOLE:87] "LCP Recorded Trigger Dispatched!", source:  (87)
[24108:3552:0622/204125.505:INFO:CONSOLE:119] "LCP Element: [object HTMLImageElement]", source:  (119)
[24108:3552:0622/204125.505:INFO:CONSOLE:120] "LCP Render Time: 1096", source:  (120)
[24108:3552:0622/204125.505:INFO:CONSOLE:121] "LCP Size: 974348", source:  (121)
[24108:3552:0622/204125.505:INFO:CONSOLE:1204] "Page Load Event End Trigger Dispatched!", source:  (1204)
[24108:3552:0622/204125.550:INFO:CONSOLE:1250] "Site Consent Found Trigger Dispatched!", source:  (1250)
[24108:3552:0622/204125.550:INFO:CONSOLE:22] "pageView event: page.page_fr-fr_microsoft-365_outlook_email-and-calendar-software-microsoft-outlook", source: https://assets.adobedtm.com/5ef092d1efb5/d6d76b37b476/launch-41185cd0b005.min.js (22)
[24108:3552:0622/204125.550:INFO:CONSOLE:3861] "Page View Trigger Event Dispatched!", source:  (3861)
[24108:3552:0622/204125.712:INFO:CONSOLE:2] "KIF-9a6a4551-d7ca-492e-83b8-a679497175ba: Launcher Rule Fired", source:  (2)
[24108:3552:0622/204125.739:INFO:CONSOLE:2] "KIF-472b86e4-85d2-424d-a035-610fe2345c81: Launcher Rule Fired", source:  (2)
[24108:3552:0622/204125.746:INFO:CONSOLE:2] "KIF-c66597f3-7752-4a26-9b1e-69987139d5e3: Launcher Rule Fired", source:  (2)
[24108:3552:0622/204125.754:INFO:CONSOLE:2] "KIF-d5d407cb-9e1e-454a-b1f6-7ae14cf3b9e4: Launcher Rule Fired", source:  (2)
[24108:3552:0622/204125.761:INFO:CONSOLE:2] "KIF-1d1be977-a70b-46a7-b9fd-0cdc192dd6de: Launcher Rule Fired", source:  (2)
[24108:3552:0622/204125.761:INFO:CONSOLE:2] "KIF M365 Demo 1DS starts", source:  (2)
[24108:3552:0622/204125.769:INFO:CONSOLE:8] "new condition found", source: https://assets.adobedtm.com/launch-ENc0cbffaf0f8248c3a934a56818d7737e.min.js (8)
[24108:3552:0622/204128.762:INFO:CONSOLE:2] "M365 munchkin starts", source:  (2)
[24108:3552:0622/204128.762:INFO:CONSOLE:2] "munchkin end", source:  (2)
[24108:3552:0622/204128.762:INFO:CONSOLE:2] "Not a zh-cn page", source:  (2)
[24108:3552:0622/204128.762:INFO:CONSOLE:2] "Pixels starts", source:  (2)
[24108:3552:0622/204128.762:INFO:CONSOLE:2] "Pixels end - after old logic", source:  (2)
[24108:3552:0622/204131.766:INFO:CONSOLE:19] "Munchkin.init("%s") options: 157-GQE-382 [object Object]", source: https://munchkin.marketo.net/157/munchkin.js (19)
[2592:740:0622/204132.053:WARNING:net\extras\sqlite\sqlite_persistent_store_backend_base.cc:176] Failed to post task from FlushAndNotifyInBackground@net\extras\sqlite\sqlite_persistent_store_backend_base.cc:226 to client_task_runner_.
[2592:740:0622/204132.053:WARNING:net\extras\sqlite\sqlite_persistent_store_backend_base.cc:176] Failed to post task from FlushAndNotifyInBackground@net\extras\sqlite\sqlite_persistent_store_backend_base.cc:226 to client_task_runner_.
