[9340:23748:0622/200347.617:INFO:components\enterprise\browser\controller\chrome_browser_cloud_management_controller.cc:202] No machine level policy manager exists.
[9340:23748:0622/200348.282:INFO:CONSOLE:1] "undetected chromedriver 1337!", source:  (1)
[9340:23748:0622/200348.509:INFO:CONSOLE:1] "undetected chromedriver 1337!", source:  (1)
[9340:23748:0622/200348.608:INFO:CONSOLE:1] "undetected chromedriver 1337!", source:  (1)
[9340:23748:0622/200349.225:INFO:CONSOLE:7] "An iframe which has both allow-scripts and allow-same-origin for its sandbox attribute can escape its sandboxing.", source: https://res.public.onecdn.static.microsoft/owamail/hashed-v1/scripts/owa.94868.m.211888ef.js (7)
[9340:23748:0622/200349.225:INFO:CONSOLE:1] "undetected chromedriver 1337!", source:  (1)
[9340:23748:0622/200350.096:INFO:CONSOLE:0] "An iframe which has both allow-scripts and allow-same-origin for its sandbox attribute can escape its sandboxing.", source: https://outlook.live.com/mail/oauthRedirect.html#error=login_required&error_description=Silent+authentication+was+denied.+The+user+must+first+sign+in+and+if+needed+grant+the+client+application+access+to+the+scope+'service::outlook.office.com::MBI_SSL+openid+profile+offline_access'.&state=eyJpZCI6IjAxOTc5OTA2LTdlZTAtNzFjZC04M2FlLTI4NWE5Y2JiODM4ZCIsIm1ldGEiOnsiaW50ZXJhY3Rpb25UeXBlIjoic2lsZW50In19 (0)
[9340:23748:0622/200350.099:INFO:CONSOLE:1] "undetected chromedriver 1337!", source:  (1)
[9340:23748:0622/200351.898:INFO:CONSOLE:1] "undetected chromedriver 1337!", source:  (1)
[9340:23748:0622/200352.858:INFO:CONSOLE:1] "1DS Initialized..", source: https://www.microsoft.com/etc.clientlibs/microsoft/components/structure/page/clientlibs/custom-oneds.ACSHASHc7126824fc792b8a6a54f7f58234f55f.min.js (1)
[9340:23748:0622/200352.982:INFO:CONSOLE:141] "EmeEncryptionSchemePolyfill: Waiting to detect encryptionScheme support.", source: https://www.microsoft.com/videoplayer/ump.mjs (141)
[9340:23748:0622/200352.982:INFO:CONSOLE:141] "McEncryptionSchemePolyfill: Waiting to detect encryptionScheme support.", source: https://www.microsoft.com/videoplayer/ump.mjs (141)
[9340:23748:0622/200353.749:INFO:CONSOLE:13155] "MWF v2.8.1", source: https://www.microsoft.com/etc.clientlibs/onecloud/clientlibs/clientlib-mwf-new/main-light.ACSHASHfe9d5283cc0a38f995b64bf0f39192eb.min.js (13155)
[9340:23748:0622/200353.887:INFO:CONSOLE:2613] "[OCR][ProductPricingManager] creation error:  Error: [OCR][ProductPricingManager] Invalid pricing component element. Missing data-ocr-pricing-identifier or data-ocr-sku-request attribute.", source: https://www.microsoft.com/etc.clientlibs/onecloud/clientlibs/clientlib-product-pricing.ACSHASH578ac15df4dff2a9f7a8250ae55ee3af.min.js (2613)
[9340:23748:0622/200353.887:INFO:CONSOLE:2613] "[OCR][ProductPricingManager] creation error:  Error: [OCR][ProductPricingManager] Invalid pricing component element. Missing data-ocr-pricing-identifier or data-ocr-sku-request attribute.", source: https://www.microsoft.com/etc.clientlibs/onecloud/clientlibs/clientlib-product-pricing.ACSHASH578ac15df4dff2a9f7a8250ae55ee3af.min.js (2613)
[9340:23748:0622/200354.394:INFO:CONSOLE:10] "Going to iterate over instancesSettings", source: https://assets.adobedtm.com/5ef092d1efb5/d6d76b37b476/launch-41185cd0b005.min.js (10)
[9340:23748:0622/200354.426:INFO:CONSOLE:18] "_satellite typeof:object", source: https://assets.adobedtm.com/5ef092d1efb5/d6d76b37b476/launch-41185cd0b005.min.js (18)
[9340:23748:0622/200354.426:INFO:CONSOLE:18] "_satellite2 typeof:undefined", source: https://assets.adobedtm.com/5ef092d1efb5/d6d76b37b476/launch-41185cd0b005.min.js (18)
[9340:23748:0622/200354.483:INFO:CONSOLE:113] "Enter a_setSwipePayload", source:  (113)
[9340:23748:0622/200354.596:INFO:CONSOLE:1] "undetected chromedriver 1337!", source:  (1)
[9340:23748:0622/200354.922:INFO:CONSOLE:18] "BSSO Telemetry: {"result":"Error","error":"NoExtension","type":"ChromeSsoTelemetry","data":{},"traces":["BrowserSSO Initialized","Creating ChromeBrowserCore provider","Sending message for method CreateProviderAsync","Received message for method CreateProviderAsync","Error: ChromeBrowserCore error NoExtension: Extension is not installed."]}", source: https://aadcdn.msauth.net/shared/1.0/content/js/BssoInterrupt_Core_bazYuVH6rF7OQmuNhACwPg2.js (18)
[9340:23748:0622/200355.016:INFO:CONSOLE:1250] "Site Consent Found Trigger Dispatched!", source:  (1250)
[9340:23748:0622/200355.016:INFO:CONSOLE:87] "LCP Recorded Trigger Dispatched!", source:  (87)
[9340:23748:0622/200355.016:INFO:CONSOLE:119] "LCP Element: [object HTMLImageElement]", source:  (119)
[9340:23748:0622/200355.016:INFO:CONSOLE:120] "LCP Render Time: 3812", source:  (120)
[9340:23748:0622/200355.016:INFO:CONSOLE:121] "LCP Size: 899132", source:  (121)
[9340:23748:0622/200355.016:INFO:CONSOLE:1204] "Page Load Event End Trigger Dispatched!", source:  (1204)
[9340:23748:0622/200355.027:INFO:CONSOLE:22] "pageView event: page.page_fr-fr_microsoft-365_outlook_email-and-calendar-software-microsoft-outlook", source: https://assets.adobedtm.com/5ef092d1efb5/d6d76b37b476/launch-41185cd0b005.min.js (22)
[9340:23748:0622/200355.027:INFO:CONSOLE:3861] "Page View Trigger Event Dispatched!", source:  (3861)
[9340:23748:0622/200355.098:INFO:CONSOLE:1] "undetected chromedriver 1337!", source:  (1)
[9340:23748:0622/200355.148:INFO:CONSOLE:1] "undetected chromedriver 1337!", source:  (1)
[4148:2760:0622/200355.155:WARNING:net\spdy\spdy_session.cc:3054] Received HEADERS for invalid stream 131
[4148:2760:0622/200355.155:WARNING:net\spdy\spdy_session.cc:3054] Received HEADERS for invalid stream 133
[4148:2760:0622/200355.163:WARNING:net\spdy\spdy_session.cc:3054] Received HEADERS for invalid stream 5
[4148:2760:0622/200355.163:WARNING:net\spdy\spdy_session.cc:3054] Received HEADERS for invalid stream 135
[9340:23748:0622/200355.391:INFO:CONSOLE:7] "An iframe which has both allow-scripts and allow-same-origin for its sandbox attribute can escape its sandboxing.", source: https://res.public.onecdn.static.microsoft/owamail/hashed-v1/scripts/owa.94868.m.211888ef.js (7)
[9340:23748:0622/200355.399:INFO:CONSOLE:1] "undetected chromedriver 1337!", source:  (1)
[9340:23748:0622/200355.691:INFO:CONSOLE:0] "An iframe which has both allow-scripts and allow-same-origin for its sandbox attribute can escape its sandboxing.", source: https://outlook.live.com/mail/oauthRedirect.html#error=login_required&error_description=Silent+authentication+was+denied.+The+user+must+first+sign+in+and+if+needed+grant+the+client+application+access+to+the+scope+'service::outlook.office.com::MBI_SSL+openid+profile+offline_access'.&state=eyJpZCI6IjAxOTc5OTA2LTk2ZmMtNzdkOS04MGFhLTBlOTAyMzgxZTJiZCIsIm1ldGEiOnsiaW50ZXJhY3Rpb25UeXBlIjoic2lsZW50In19 (0)
[9340:23748:0622/200355.693:INFO:CONSOLE:1] "undetected chromedriver 1337!", source:  (1)
[9340:23748:0622/200356.736:INFO:CONSOLE:1] "undetected chromedriver 1337!", source:  (1)
[9340:23748:0622/200357.393:INFO:CONSOLE:1] "1DS Initialized..", source: https://www.microsoft.com/etc.clientlibs/microsoft/components/structure/page/clientlibs/custom-oneds.ACSHASHc7126824fc792b8a6a54f7f58234f55f.min.js (1)
[9340:23748:0622/200357.558:INFO:CONSOLE:141] "EmeEncryptionSchemePolyfill: Waiting to detect encryptionScheme support.", source: https://www.microsoft.com/videoplayer/ump.mjs (141)
[9340:23748:0622/200357.559:INFO:CONSOLE:141] "McEncryptionSchemePolyfill: Waiting to detect encryptionScheme support.", source: https://www.microsoft.com/videoplayer/ump.mjs (141)
[9340:23748:0622/200358.396:INFO:CONSOLE:13155] "MWF v2.8.1", source: https://www.microsoft.com/etc.clientlibs/onecloud/clientlibs/clientlib-mwf-new/main-light.ACSHASHfe9d5283cc0a38f995b64bf0f39192eb.min.js (13155)
[9340:23748:0622/200358.524:INFO:CONSOLE:2613] "[OCR][ProductPricingManager] creation error:  Error: [OCR][ProductPricingManager] Invalid pricing component element. Missing data-ocr-pricing-identifier or data-ocr-sku-request attribute.", source: https://www.microsoft.com/etc.clientlibs/onecloud/clientlibs/clientlib-product-pricing.ACSHASH578ac15df4dff2a9f7a8250ae55ee3af.min.js (2613)
[9340:23748:0622/200358.524:INFO:CONSOLE:2613] "[OCR][ProductPricingManager] creation error:  Error: [OCR][ProductPricingManager] Invalid pricing component element. Missing data-ocr-pricing-identifier or data-ocr-sku-request attribute.", source: https://www.microsoft.com/etc.clientlibs/onecloud/clientlibs/clientlib-product-pricing.ACSHASH578ac15df4dff2a9f7a8250ae55ee3af.min.js (2613)
[9340:23748:0622/200358.666:INFO:CONSOLE:10] "Going to iterate over instancesSettings", source: https://assets.adobedtm.com/5ef092d1efb5/d6d76b37b476/launch-41185cd0b005.min.js (10)
[9340:23748:0622/200358.691:INFO:CONSOLE:18] "_satellite typeof:object", source: https://assets.adobedtm.com/5ef092d1efb5/d6d76b37b476/launch-41185cd0b005.min.js (18)
[9340:23748:0622/200358.691:INFO:CONSOLE:18] "_satellite2 typeof:undefined", source: https://assets.adobedtm.com/5ef092d1efb5/d6d76b37b476/launch-41185cd0b005.min.js (18)
[9340:23748:0622/200358.725:INFO:CONSOLE:113] "Enter a_setSwipePayload", source:  (113)
[9340:23748:0622/200359.095:INFO:CONSOLE:1250] "Site Consent Found Trigger Dispatched!", source:  (1250)
[9340:23748:0622/200359.095:INFO:CONSOLE:87] "LCP Recorded Trigger Dispatched!", source:  (87)
[9340:23748:0622/200359.095:INFO:CONSOLE:119] "LCP Element: [object HTMLImageElement]", source:  (119)
[9340:23748:0622/200359.095:INFO:CONSOLE:120] "LCP Render Time: 1584", source:  (120)
[9340:23748:0622/200359.095:INFO:CONSOLE:121] "LCP Size: 899132", source:  (121)
[9340:23748:0622/200359.095:INFO:CONSOLE:1204] "Page Load Event End Trigger Dispatched!", source:  (1204)
[9340:23748:0622/200359.125:INFO:CONSOLE:22] "pageView event: page.page_fr-fr_microsoft-365_outlook_email-and-calendar-software-microsoft-outlook", source: https://assets.adobedtm.com/5ef092d1efb5/d6d76b37b476/launch-41185cd0b005.min.js (22)
[9340:23748:0622/200359.125:INFO:CONSOLE:3861] "Page View Trigger Event Dispatched!", source:  (3861)
[9340:23748:0622/200359.425:INFO:CONSOLE:2] "KIF-9a6a4551-d7ca-492e-83b8-a679497175ba: Launcher Rule Fired", source:  (2)
[9340:23748:0622/200359.497:INFO:CONSOLE:1] "sendToVortex Call", source: https://www.microsoft.com/etc.clientlibs/microsoft/clientlibs/exp-analytics/v1.ACSHASHbf7b336dbb370c984e1bf59b1a980d86.min.js (1)
[9340:23748:0622/200359.612:INFO:CONSOLE:2] "KIF-472b86e4-85d2-424d-a035-610fe2345c81: Launcher Rule Fired", source:  (2)
[9340:23748:0622/200359.668:INFO:CONSOLE:2] "KIF-c66597f3-7752-4a26-9b1e-69987139d5e3: Launcher Rule Fired", source:  (2)
[9340:23748:0622/200359.737:INFO:CONSOLE:2] "KIF-d5d407cb-9e1e-454a-b1f6-7ae14cf3b9e4: Launcher Rule Fired", source:  (2)
[9340:23748:0622/200359.862:INFO:CONSOLE:2] "KIF-1d1be977-a70b-46a7-b9fd-0cdc192dd6de: Launcher Rule Fired", source:  (2)
[9340:23748:0622/200359.862:INFO:CONSOLE:2] "KIF M365 Demo 1DS starts", source:  (2)
[9340:23748:0622/200400.021:INFO:CONSOLE:8] "new condition found", source: https://assets.adobedtm.com/launch-ENc0cbffaf0f8248c3a934a56818d7737e.min.js (8)
[4148:23268:0622/200400.630:WARNING:net\extras\sqlite\sqlite_persistent_store_backend_base.cc:176] Failed to post task from FlushAndNotifyInBackground@net\extras\sqlite\sqlite_persistent_store_backend_base.cc:226 to client_task_runner_.
[4148:23268:0622/200400.630:WARNING:net\extras\sqlite\sqlite_persistent_store_backend_base.cc:176] Failed to post task from FlushAndNotifyInBackground@net\extras\sqlite\sqlite_persistent_store_backend_base.cc:226 to client_task_runner_.
