[14928:33164:0705/184401.948:INFO:components\enterprise\browser\controller\chrome_browser_cloud_management_controller.cc:202] No machine level policy manager exists.
[14928:33164:0705/184402.429:INFO:CONSOLE:1] "undetected chromedriver 1337!", source:  (1)
[14928:33164:0705/184402.429:INFO:CONSOLE:1] "undetected chromedriver 1337!", source:  (1)
[14928:33164:0705/184402.497:INFO:CONSOLE:1] "undetected chromedriver 1337!", source:  (1)
[14928:33164:0705/184402.629:INFO:CONSOLE:7] "An iframe which has both allow-scripts and allow-same-origin for its sandbox attribute can escape its sandboxing.", source: https://res.public.onecdn.static.microsoft/owamail/hashed-v1/scripts/owa.94868.m.211888ef.js (7)
[14928:33164:0705/184402.629:INFO:CONSOLE:1] "undetected chromedriver 1337!", source:  (1)
[14928:33164:0705/184404.305:INFO:CONSOLE:0] "An iframe which has both allow-scripts and allow-same-origin for its sandbox attribute can escape its sandboxing.", source: https://outlook.office.com/mail/oauthRedirect.html#error=login_required&error_description=AADSTS50058%3a+A+silent+sign-in+request+was+sent+but+no+user+is+signed+in.+Trace+ID%3a+590c6641-e88c-42a9-b5ef-af4e19623700+Correlation+ID%3a+7a054719-d605-493c-13de-d9a1ffa65eb5+Timestamp%3a+2025-07-05+17%3a44%3a02Z&error_uri=https%3a%2f%2flogin.microsoftonline.com%2ferror%3fcode%3d50058&state=eyJpZCI6IjAxOTdkYmIwLTIxM2YtNzU0NS1iM2UwLWFiYmJjMjc4ZTg1ZiIsIm1ldGEiOnsiaW50ZXJhY3Rpb25UeXBlIjoic2lsZW50In19 (0)
[14928:33164:0705/184404.307:INFO:CONSOLE:1] "undetected chromedriver 1337!", source:  (1)
[14928:33164:0705/184406.407:INFO:CONSOLE:1] "undetected chromedriver 1337!", source:  (1)
[14928:33164:0705/184406.591:INFO:CONSOLE:0] "[DOM] Input elements should have autocomplete attributes (suggested: "username"): (More info: https://goo.gl/9p2vKq) %o", source: https://login.microsoftonline.com/organizations/oauth2/v2.0/authorize?client_id=9199bf20-a13f-4107-85dc-02114787ef48&scope=https%3A%2F%2Foutlook.office.com%2F.default%20openid%20profile%20offline_access&redirect_uri=https%3A%2F%2Foutlook.office.com%2Fmail%2F&client-request-id=7a054719-d605-493c-13de-d9a1ffa65eb5&response_mode=fragment&client_info=1&login_hint=O.CiQ1MTU4ZjIzZC1hNTllLTQyZDItYWFjNS1kOTNmM2ViNTljYjISJDlhN2M2MzkwLTQ0NDYtNDc1Mi1iNTEwLTU5NjhiNWNkOTg1Nxo8Z3pmd3hkdmxpdW1jZW5wYmtzamhAeWFycmFyYW5nZXNraW5kZXJnYXJ0ZW4ub25taWNyb3NvZnQuY29tICk%3D&X-AnchorMailbox=Oid%3A5158f23d-a59e-42d2-aac5-d93f3eb59cb2%409a7c6390-4446-4752-b510-5968b5cd9857&nonce=0197dbb0-27e8-7e7f-ac46-d2a6cf1ad0c9&state=eyJpZCI6IjAxOTdkYmIwLTI3ZTctNzI0NS1iNGZmLTBmZTc5NDgyYzA2MCIsIm1ldGEiOnsiaW50ZXJhY3Rpb25UeXBlIjoicmVkaXJlY3QifX0%3D&claims=%7B%22access_token%22%3A%7B%22xms_cc%22%3A%7B%22values%22%3A%5B%22CP1%22%5D%7D%7D%7D&x-client-SKU=msal.js.browser&x-client-VER=4.12.0&response_type=code&code_challenge=0ni4tCpMY7h8KeQpLm1DTEL3P91u8QMLa-j6EZs2Esg&code_challenge_method=S256 (0)
[14928:33164:0705/184410.332:INFO:CONSOLE:1] "undetected chromedriver 1337!", source:  (1)
[14928:33164:0705/184412.210:INFO:CONSOLE:1] "undetected chromedriver 1337!", source:  (1)
[14928:33164:0705/184412.375:INFO:CONSOLE:1] "true", source: https://login.live.com/Me.htm?v=3 (1)
[14928:33164:0705/184412.376:INFO:CONSOLE:1] "Storage access: true", source: https://login.live.com/Me.htm?v=3 (1)
[14928:33164:0705/184415.812:INFO:CONSOLE:0] "[DOM] Input elements should have autocomplete attributes (suggested: "current-password"): (More info: https://goo.gl/9p2vKq) %o", source: https://login.microsoftonline.com/common/oauth2/v2.0/authorize?client_id=4765445b-32c6-49b0-83e6-1d93765276ca&redirect_uri=https%3A%2F%2Fm365.cloud.microsoft%2Flandingv2&response_type=code%20id_token&scope=openid%20profile%20https%3A%2F%2Fwww.office.com%2Fv2%2FOfficeHome.All&response_mode=form_post&nonce=638873342494767827.NjNkZDU1NmItNmZkZC00NzQyLTk4MWItYmE1MGM2ZDYzOTQzMTYzNTMxMWMtY2M3OC00YzFiLThjZDUtMWUxYWI2YTcxZGUw&ui_locales=fr-FR&mkt=fr-FR&prompt=select_account&client-request-id=5f829230-ef6a-4582-b8af-ca477cba267c&state=Lx9PaskSLhPZWLWl1e5Z1Ntb-NLiaaB0piZK0z1J9-QSmqA4hCZ8nfpziy7c-pSe28hbAQXR7vu7odhB4h4gy8pRqQjHYxOeGE_Pu3NNPaIJVzV8juYc6ZVy2i-LYHMlwRCmxV4OE_aQUOa-akmqPtlKs1h2HkqJgXq7lRGXJZpPsJy0l4WrMujY9oPwhIgoL9V-N3Rjgo3a7fSinEV3tPubNAhx2OuKdoGfpHztMgxWuMCOBHzK3pOYfNiEJTb_FJKHUmLqlrPexTz36d7PCd4pEMD3FmqDrGhIERewqAqD-FzapM5ckOFWi40glooIwXp8exekG8B4o9ydIV7tGCdwoVcvM1GdqjpBtFinKraDXxt_ouRbo9AfS1xbae8_M3gOzxJRky4DlYMhugkJQw&x-client-SKU=ID_NET8_0&x-client-ver=8.5.0.0 (0)
[14928:33164:0705/184418.030:INFO:CONSOLE:0] "[DOM] Input elements should have autocomplete attributes (suggested: "username"): (More info: https://goo.gl/9p2vKq) %o", source: https://login.microsoftonline.com/common/oauth2/v2.0/authorize?client_id=4765445b-32c6-49b0-83e6-1d93765276ca&redirect_uri=https%3A%2F%2Fm365.cloud.microsoft%2Flandingv2&response_type=code%20id_token&scope=openid%20profile%20https%3A%2F%2Fwww.office.com%2Fv2%2FOfficeHome.All&response_mode=form_post&nonce=638873342494767827.NjNkZDU1NmItNmZkZC00NzQyLTk4MWItYmE1MGM2ZDYzOTQzMTYzNTMxMWMtY2M3OC00YzFiLThjZDUtMWUxYWI2YTcxZGUw&ui_locales=fr-FR&mkt=fr-FR&prompt=select_account&client-request-id=5f829230-ef6a-4582-b8af-ca477cba267c&state=Lx9PaskSLhPZWLWl1e5Z1Ntb-NLiaaB0piZK0z1J9-QSmqA4hCZ8nfpziy7c-pSe28hbAQXR7vu7odhB4h4gy8pRqQjHYxOeGE_Pu3NNPaIJVzV8juYc6ZVy2i-LYHMlwRCmxV4OE_aQUOa-akmqPtlKs1h2HkqJgXq7lRGXJZpPsJy0l4WrMujY9oPwhIgoL9V-N3Rjgo3a7fSinEV3tPubNAhx2OuKdoGfpHztMgxWuMCOBHzK3pOYfNiEJTb_FJKHUmLqlrPexTz36d7PCd4pEMD3FmqDrGhIERewqAqD-FzapM5ckOFWi40glooIwXp8exekG8B4o9ydIV7tGCdwoVcvM1GdqjpBtFinKraDXxt_ouRbo9AfS1xbae8_M3gOzxJRky4DlYMhugkJQw&x-client-SKU=ID_NET8_0&x-client-ver=8.5.0.0 (0)
[14928:33164:0705/184421.266:INFO:CONSOLE:1] "undetected chromedriver 1337!", source:  (1)
[14928:33164:0705/184424.283:INFO:CONSOLE:1] "undetected chromedriver 1337!", source:  (1)
[14928:33164:0705/184428.653:INFO:CONSOLE:1] "undetected chromedriver 1337!", source:  (1)
[14928:15708:0705/184432.042:INFO:chrome\browser\extensions\extension_garbage_collector.cc:184] Garbage collection for extensions on file thread is complete.
[14928:33164:0705/184434.616:INFO:CONSOLE:1] "undetected chromedriver 1337!", source:  (1)
[14928:33164:0705/184435.716:INFO:CONSOLE:1] "Setting webpack public path to: https://res.cdn.office.net/midgard/versionless/", source: https://res.cdn.office.net/midgard/1.20250527.2.0/search-page-bootstrapper-deeplink.js (1)
[14928:33164:0705/184436.068:INFO:CONSOLE:1] "An iframe which has both allow-scripts and allow-same-origin for its sandbox attribute can escape its sandboxing.", source: https://res.public.onecdn.static.microsoft/midgard/versionless-v2/officestartbundles/84140.ef081eba9dde1985ff2f.chunk.js (1)
[14928:33164:0705/184436.070:INFO:CONSOLE:1] "undetected chromedriver 1337!", source:  (1)
[12544:28016:0705/184436.524:WARNING:ui\gl\angle_platform_impl.cc:54] HLSLCompiler.cpp:250 (rx::HLSLCompiler::compileToBinary): 
C:\fakepath(130,3-70): warning X3557: loop only executes for 1 iteration(s), forcing loop to unroll

[12544:9904:0705/184436.540:WARNING:ui\gl\angle_platform_impl.cc:54] HLSLCompiler.cpp:250 (rx::HLSLCompiler::compileToBinary): 
C:\fakepath(142,3-70): warning X3557: loop only executes for 1 iteration(s), forcing loop to unroll

[12544:9904:0705/184436.573:WARNING:ui\gl\angle_platform_impl.cc:54] HLSLCompiler.cpp:250 (rx::HLSLCompiler::compileToBinary): 
C:\fakepath(135,3-70): warning X3557: loop only executes for 1 iteration(s), forcing loop to unroll

[3776:3496:0705/184436.588:WARNING:net\disk_cache\blockfile\backend_impl.cc:1759] Destroying invalid entry.
[14928:33164:0705/184436.787:INFO:CONSOLE:1] "undetected chromedriver 1337!", source:  (1)
[14928:33164:0705/184436.806:INFO:CONSOLE:1] "undetected chromedriver 1337!", source:  (1)
[14928:33164:0705/184437.827:INFO:CONSOLE:1] "undetected chromedriver 1337!", source:  (1)
[14928:33164:0705/184438.342:INFO:CONSOLE:2] "Setting 'searchux.locale' accessed before being set.", source: https://res.cdn.office.net/midgard/versionless/main_c80ebe2a.js (2)
[12544:26088:0705/184438.560:WARNING:ui\gl\angle_platform_impl.cc:54] HLSLCompiler.cpp:250 (rx::HLSLCompiler::compileToBinary): 
C:\fakepath(136,3-70): warning X3557: loop only executes for 1 iteration(s), forcing loop to unroll

[14928:33164:0705/184438.605:INFO:CONSOLE:1] "undetected chromedriver 1337!", source:  (1)
[14928:33164:0705/184438.882:INFO:CONSOLE:2] "Refused to set unsafe header "Origin"", source: https://res.public.onecdn.static.microsoft/midgard/versionless-v2/officestartbundles/vendors.399d40c18bee3d919c56.js (2)
[14928:33164:0705/184438.898:INFO:CONSOLE:2] "Refused to set unsafe header "Origin"", source: https://res.public.onecdn.static.microsoft/midgard/versionless-v2/officestartbundles/vendors.399d40c18bee3d919c56.js (2)
[14928:33164:0705/184440.494:INFO:CONSOLE:1] "Some icons were re-registered. Applications should only call registerIcons for any given icon once. Redefining what an icon is may have unintended consequences. Duplicates include: 
ChevronDown, Edit, Add, Cancel, More, Mail, Filter, Share, FavoriteStar, CheckMark (+ 4598 more)", source: https://res.public.onecdn.static.microsoft/midgard/versionless-v2/officestartbundles/73779.237e34fab50beea2d861.chunk.js (1)
[14928:33164:0705/184442.685:INFO:CONSOLE:1] "undetected chromedriver 1337!", source:  (1)
[14928:33164:0705/184443.545:INFO:CONSOLE:0] "Uncaught (in promise) Timed out", source: https://m365.cloud.microsoft/search/ (0)
[14928:33164:0705/184443.545:INFO:CONSOLE:0] "Uncaught (in promise) Timed out", source: https://m365.cloud.microsoft/search/ (0)
[14928:33164:0705/184444.618:INFO:CONSOLE:1] "undetected chromedriver 1337!", source:  (1)
[14928:33164:0705/184444.770:INFO:CONSOLE:1] "undetected chromedriver 1337!", source:  (1)
[14928:33164:0705/184444.927:INFO:CONSOLE:7] "An iframe which has both allow-scripts and allow-same-origin for its sandbox attribute can escape its sandboxing.", source: https://res.public.onecdn.static.microsoft/owamail/hashed-v1/scripts/owa.94868.m.211888ef.js (7)
[14928:33164:0705/184444.927:INFO:CONSOLE:1] "undetected chromedriver 1337!", source:  (1)
[14928:33164:0705/184447.371:INFO:CONSOLE:0] "An iframe which has both allow-scripts and allow-same-origin for its sandbox attribute can escape its sandboxing.", source: https://outlook.office.com/mail/oauthRedirect.html#code=1.AUIAkGN8mkZEUke1EFlotc2YVyC_mZE_oQdBhdwCEUeH70ikAL1CAA.AgABBAIAAABVrSpeuWamRam2jAF1XRQEAwDs_wUA9P9TKWNejreQqysCS9anv_KdAIJTFNJOTLsigTXvcpgQGRDMIOU9R3IAlx0VIOGmIlWYEB0o3W6kDzXXDNctfRekueUJA4cQaM9Mfwgv4p5TmiDRZ6NqLcj7MV1Rd7SRf1-btevqpY_-OKFi-vbpJVv4--Tl4kiZ3hkw8PS2Mur_GSrZ_hEwYvs_UmdLcI9aeGsJl7KOMa9IalpsdhrzjUmjinnLRyMEYpef_3xPjyFzKYPgr1v7WwGSsgw3Gb1KCnl1uEafKwJfr-6uQrQpQAsvXujO8adWZB2rWfpcIXwT2GjlPaqAXHkKXm8fH2zA2LKiBBYH9Wu1x9Guyh1VHIe0FuWWq8bNJmG8YdZbpPcoyzVhxRec0PHOwGua2XN068KCPoUXd8tKeMpaqUlwPHzahwoi-ERk_dWtZPnwzQuqDt1xf-hW86m0CugFVMatlqy7ZObwPwOHyS6k1eOe9mSmZJGVzJGrGgQI7rjSemzQMiNKvrldr7RY2wG4wlyKxttMCFqgvuu4Fqy4Rwz-c86gwn38nuyqtzTOI19B9HE3RU-Zrfk80o5rjeSSeVnYaeyHXqAapYwmDJFAbAz5TZEgcvXqLUoXPz9PLx_qTpIo_X1AC5zPFPihxgXLFAXmDsj381wNVjKq10-GN01XJ6usK5tPFJZcK6RRTxr71wkGrPSxGzQB9rpiQcplXM1HUEuBRueEAbbYGTTEKqZAGEyNL40KbOX8-TFe6FzIFHCgGHcarufT8AiJaAZpbDdnKG4ga_uneO_S-IDh2ItLNTsDhXbzYMkTnl3ypyiZg-bJ2Sp06tb3dKt_JAqFDbz_DC7LEZ4NKBVEHojwWrz1KSgXsvngKbjUmAZcx961TlXqwSWCcrzgCCyEzdjm2FVv8P90T7HvpPVBLAgBClJ-ug&client_info=eyJ1aWQiOiI1MTU4ZjIzZC1hNTllLTQyZDItYWFjNS1kOTNmM2ViNTljYjIiLCJ1dGlkIjoiOWE3YzYzOTAtNDQ0Ni00NzUyLWI1MTAtNTk2OGI1Y2Q5ODU3In0&state=eyJpZCI6IjAxOTdkYmIwLWM2ODAtNzNkNS05MWM5LTY5NzMzZjRjNjI4ZSIsIm1ldGEiOnsiaW50ZXJhY3Rpb25UeXBlIjoic2lsZW50In19&session_state=006b9af9-d4a2-65b6-ed82-3ee73e06b17d (0)
[14928:33164:0705/184447.375:INFO:CONSOLE:1] "undetected chromedriver 1337!", source:  (1)
[14928:33164:0705/184448.804:INFO:CONSOLE:1] "Uncaught (in promise) SyntaxError: Failed to execute 'json' on 'Response': Unexpected end of JSON input", source: https://outlook.office.com/mail/junkemail (1)
[14928:33164:0705/184448.861:INFO:CONSOLE:0] "The Content Security Policy directive 'upgrade-insecure-requests' is ignored when delivered in a report-only policy.", source: https://outlook.office.com/mail/logoutframe.html?loadMoreIframes=false&clearCookiesOnly=true (0)
[14928:33164:0705/184448.861:INFO:CONSOLE:1] "undetected chromedriver 1337!", source:  (1)
[14928:33164:0705/184450.475:INFO:CONSOLE:1] "undetected chromedriver 1337!", source:  (1)
[14928:33164:0705/184451.198:INFO:CONSOLE:5] "JQMIGRATE: Migrate is installed, version 3.3.2", source: https://aadcdn.msftauth.net/ests/2.1/content/cdnbundles/jquery.3.5.min_dc940oomzau4rsu8qesnvg2.js (5)
[14928:33164:0705/184451.199:INFO:CONSOLE:8] "JQMIGRATE: Migrate is installed, version 1.4.1", source: https://aadcdn.msftauth.net/ests/2.1/content/cdnbundles/jquery.3.5.min_dc940oomzau4rsu8qesnvg2.js (8)
[14928:33164:0705/184451.527:INFO:CONSOLE:0] "The Content Security Policy directive 'upgrade-insecure-requests' is ignored when delivered in a report-only policy.", source: https://outlook.office365.com/mail/logoutframe.html?sid=006b9af9-d4a2-65b6-ed82-3ee73e06b17d (0)
[14928:33164:0705/184451.536:INFO:CONSOLE:1] "undetected chromedriver 1337!", source:  (1)
[14928:33164:0705/184452.125:INFO:CONSOLE:1] "undetected chromedriver 1337!", source:  (1)
[14928:33164:0705/184452.794:INFO:CONSOLE:1] "undetected chromedriver 1337!", source:  (1)
[14928:33164:0705/184452.901:INFO:CONSOLE:1] "undetected chromedriver 1337!", source:  (1)
[14928:33164:0705/184453.100:INFO:CONSOLE:8] "The Content Security Policy directive 'upgrade-insecure-requests' is ignored when delivered in a report-only policy.", source: https://res.public.onecdn.static.microsoft/owamail/hashed-v1/scripts/owa.logoutframe.8bc51314.js (8)
[14928:33164:0705/184453.106:INFO:CONSOLE:8] "The Content Security Policy directive 'upgrade-insecure-requests' is ignored when delivered in a report-only policy.", source: https://res.public.onecdn.static.microsoft/owamail/hashed-v1/scripts/owa.logoutframe.8bc51314.js (8)
[14928:33164:0705/184453.111:INFO:CONSOLE:8] "The Content Security Policy directive 'upgrade-insecure-requests' is ignored when delivered in a report-only policy.", source: https://res.public.onecdn.static.microsoft/owamail/hashed-v1/scripts/owa.logoutframe.8bc51314.js (8)
[14928:33164:0705/184453.114:INFO:CONSOLE:8] "The Content Security Policy directive 'upgrade-insecure-requests' is ignored when delivered in a report-only policy.", source: https://res.public.onecdn.static.microsoft/owamail/hashed-v1/scripts/owa.logoutframe.8bc51314.js (8)
[14928:33164:0705/184453.118:INFO:CONSOLE:8] "The Content Security Policy directive 'upgrade-insecure-requests' is ignored when delivered in a report-only policy.", source: https://res.public.onecdn.static.microsoft/owamail/hashed-v1/scripts/owa.logoutframe.8bc51314.js (8)
[14928:33164:0705/184453.210:INFO:CONSOLE:0] "The Content Security Policy directive 'upgrade-insecure-requests' is ignored when delivered in a report-only policy.", source: https://outlook.office.com/mail/logoutframe.html?sid=006b9af9-d4a2-65b6-ed82-3ee73e06b17d&loadMoreIframes=false (0)
[14928:33164:0705/184453.214:INFO:CONSOLE:1] "undetected chromedriver 1337!", source:  (1)
[14928:33164:0705/184453.547:INFO:CONSOLE:0] "The Content Security Policy directive 'upgrade-insecure-requests' is ignored when delivered in a report-only policy.", source: https://outlook.cloud.microsoft/mail/logoutframe.html?sid=006b9af9-d4a2-65b6-ed82-3ee73e06b17d&loadMoreIframes=false (0)
[14928:33164:0705/184453.553:INFO:CONSOLE:1] "undetected chromedriver 1337!", source:  (1)
[14928:33164:0705/184453.664:INFO:CONSOLE:1] "undetected chromedriver 1337!", source:  (1)
[14928:33164:0705/184453.757:INFO:CONSOLE:1] "undetected chromedriver 1337!", source:  (1)
[14928:33164:0705/184454.499:INFO:CONSOLE:0] "The Content Security Policy directive 'upgrade-insecure-requests' is ignored when delivered in a report-only policy.", source: https://outlook-sdf.office365.com/mail/logoutframe.html?sid=006b9af9-d4a2-65b6-ed82-3ee73e06b17d&loadMoreIframes=false (0)
[14928:33164:0705/184454.527:INFO:CONSOLE:1] "undetected chromedriver 1337!", source:  (1)
[14928:33164:0705/184454.577:INFO:CONSOLE:0] "The Content Security Policy directive 'upgrade-insecure-requests' is ignored when delivered in a report-only policy.", source: https://outlook-sdf.office.com/mail/logoutframe.html?sid=006b9af9-d4a2-65b6-ed82-3ee73e06b17d&loadMoreIframes=false (0)
[14928:33164:0705/184454.650:INFO:CONSOLE:1] "undetected chromedriver 1337!", source:  (1)
[14928:33164:0705/184454.669:INFO:CONSOLE:1] "undetected chromedriver 1337!", source:  (1)
[14928:33164:0705/184455.247:INFO:CONSOLE:0] "The Content Security Policy directive 'upgrade-insecure-requests' is ignored when delivered in a report-only policy.", source: https://sdf.outlook.cloud.microsoft/mail/logoutframe.html?sid=006b9af9-d4a2-65b6-ed82-3ee73e06b17d&loadMoreIframes=false (0)
[14928:33164:0705/184455.304:INFO:CONSOLE:1] "undetected chromedriver 1337!", source:  (1)
[14928:33164:0705/184455.817:INFO:CONSOLE:1] "undetected chromedriver 1337!", source:  (1)
[14928:33164:0705/184455.838:INFO:CONSOLE:5] "JQMIGRATE: Migrate is installed, version 3.3.2", source: https://aadcdn.msftauth.net/ests/2.1/content/cdnbundles/jquery.3.5.min_dc940oomzau4rsu8qesnvg2.js (5)
[14928:33164:0705/184455.839:INFO:CONSOLE:8] "JQMIGRATE: Migrate is installed, version 1.4.1", source: https://aadcdn.msftauth.net/ests/2.1/content/cdnbundles/jquery.3.5.min_dc940oomzau4rsu8qesnvg2.js (8)
[3776:26124:0705/184502.222:WARNING:net\extras\sqlite\sqlite_persistent_store_backend_base.cc:176] Failed to post task from FlushAndNotifyInBackground@net\extras\sqlite\sqlite_persistent_store_backend_base.cc:226 to client_task_runner_.
[3776:26124:0705/184502.222:WARNING:net\extras\sqlite\sqlite_persistent_store_backend_base.cc:176] Failed to post task from FlushAndNotifyInBackground@net\extras\sqlite\sqlite_persistent_store_backend_base.cc:226 to client_task_runner_.
