[23944:30936:0628/014150.026:INFO:components\enterprise\browser\controller\chrome_browser_cloud_management_controller.cc:202] No machine level policy manager exists.
[23944:30936:0628/014150.587:INFO:CONSOLE:1] "undetected chromedriver 1337!", source:  (1)
[23944:30936:0628/014150.590:INFO:CONSOLE:1] "undetected chromedriver 1337!", source:  (1)
[23944:30936:0628/014151.057:INFO:CONSOLE:1] "undetected chromedriver 1337!", source:  (1)
[23944:30936:0628/014152.200:INFO:CONSOLE:7] "An iframe which has both allow-scripts and allow-same-origin for its sandbox attribute can escape its sandboxing.", source: https://res.public.onecdn.static.microsoft/owamail/hashed-v1/scripts/owa.94868.m.211888ef.js (7)
[23944:30936:0628/014152.208:INFO:CONSOLE:1] "undetected chromedriver 1337!", source:  (1)
[23944:30936:0628/014153.703:INFO:CONSOLE:18] "BSSO Telemetry: {"result":"Error","error":"NoExtension","type":"ChromeSsoTelemetry","data":{},"traces":["BrowserSSO Initialized","Creating ChromeBrowserCore provider","Sending message for method CreateProviderAsync","Received message for method CreateProviderAsync","Error: ChromeBrowserCore error NoExtension: Extension is not installed."]}", source: https://aadcdn.msauth.net/shared/1.0/content/js/BssoInterrupt_Core_bazYuVH6rF7OQmuNhACwPg2.js (18)
[23944:30936:0628/014154.892:INFO:CONSOLE:0] "An iframe which has both allow-scripts and allow-same-origin for its sandbox attribute can escape its sandboxing.", source: https://outlook.office.com/mail/oauthRedirect.html#error=login_required&error_description=AADSTS50058%3a+A+silent+sign-in+request+was+sent+but+no+user+is+signed+in.+Trace+ID%3a+73cef61b-f0a0-4b99-923d-159efcec5e00+Correlation+ID%3a+112eda76-20d7-3e62-8d6a-34d3b5c961a5+Timestamp%3a+2025-06-28+00%3a41%3a54Z&error_uri=https%3a%2f%2flogin.microsoftonline.com%2ferror%3fcode%3d50058&state=eyJpZCI6IjAxOTdiM2ZiLWM5NDUtNzNlMi1hNzQ5LTgxZGU5ZWU4ODJkNCIsIm1ldGEiOnsiaW50ZXJhY3Rpb25UeXBlIjoic2lsZW50In19 (0)
[23944:30936:0628/014154.892:INFO:CONSOLE:1] "undetected chromedriver 1337!", source:  (1)
[23944:30936:0628/014156.906:INFO:CONSOLE:1] "undetected chromedriver 1337!", source:  (1)
[23944:30936:0628/014158.134:INFO:CONSOLE:1] "undetected chromedriver 1337!", source:  (1)
[23944:30936:0628/014158.164:INFO:CONSOLE:1] "true", source: https://login.live.com/Me.htm?v=3 (1)
[23944:30936:0628/014158.166:INFO:CONSOLE:1] "Storage access: true", source: https://login.live.com/Me.htm?v=3 (1)
[23944:30936:0628/014200.797:WARNING:components\download\internal\background_service\controller_impl.cc:1187] Background download complete, client: 6, completion type: 0, file size:5155
[23944:30936:0628/014200.822:WARNING:components\download\internal\background_service\controller_impl.cc:1187] Background download complete, client: 6, completion type: 0, file size:45175
[23944:30936:0628/014201.112:INFO:CONSOLE:1] "undetected chromedriver 1337!", source:  (1)
[23944:30936:0628/014201.580:INFO:CONSOLE:1] "true", source: https://login.live.com/Me.htm?v=3 (1)
[23944:30936:0628/014201.581:INFO:CONSOLE:1] "Storage access: true", source: https://login.live.com/Me.htm?v=3 (1)
[23944:30936:0628/014202.132:WARNING:components\download\internal\background_service\controller_impl.cc:1187] Background download complete, client: 6, completion type: 0, file size:2747169
[30272:5148:0628/014204.803:WARNING:net\extras\sqlite\sqlite_persistent_store_backend_base.cc:176] Failed to post task from FlushAndNotifyInBackground@net\extras\sqlite\sqlite_persistent_store_backend_base.cc:226 to client_task_runner_.
[30272:5148:0628/014204.803:WARNING:net\extras\sqlite\sqlite_persistent_store_backend_base.cc:176] Failed to post task from FlushAndNotifyInBackground@net\extras\sqlite\sqlite_persistent_store_backend_base.cc:226 to client_task_runner_.
